{"/Users/shivangtiwari/Downloads/react-a11y-project-main/src/App.tsx": {"path":"/Users/shivangtiwari/Downloads/react-a11y-project-main/src/App.tsx","all":false,"statementMap":{"0":{"start":{"line":1,"column":0},"end":{"line":1,"column":33}},"2":{"start":{"line":3,"column":0},"end":{"line":3,"column":19}},"3":{"start":{"line":4,"column":0},"end":{"line":4,"column":41}},"4":{"start":{"line":5,"column":0},"end":{"line":5,"column":60}},"5":{"start":{"line":6,"column":0},"end":{"line":6,"column":44}},"7":{"start":{"line":8,"column":0},"end":{"line":8,"column":33}},"8":{"start":{"line":9,"column":0},"end":{"line":9,"column":30}},"9":{"start":{"line":10,"column":0},"end":{"line":10,"column":19}},"10":{"start":{"line":11,"column":0},"end":{"line":11,"column":11}},"11":{"start":{"line":12,"column":0},"end":{"line":12,"column":3}},"12":{"start":{"line":13,"column":0},"end":{"line":13,"column":18}},"14":{"start":{"line":15,"column":0},"end":{"line":15,"column":14}},"15":{"start":{"line":16,"column":0},"end":{"line":16,"column":32}},"17":{"start":{"line":18,"column":0},"end":{"line":18,"column":42}},"18":{"start":{"line":19,"column":0},"end":{"line":19,"column":24}},"19":{"start":{"line":20,"column":0},"end":{"line":20,"column":34}},"20":{"start":{"line":21,"column":0},"end":{"line":21,"column":72}},"21":{"start":{"line":22,"column":0},"end":{"line":22,"column":51}},"22":{"start":{"line":23,"column":0},"end":{"line":23,"column":35}},"23":{"start":{"line":24,"column":0},"end":{"line":24,"column":30}},"24":{"start":{"line":25,"column":0},"end":{"line":25,"column":50}},"25":{"start":{"line":26,"column":0},"end":{"line":26,"column":12}},"26":{"start":{"line":27,"column":0},"end":{"line":27,"column":25}},"27":{"start":{"line":28,"column":0},"end":{"line":28,"column":19}},"28":{"start":{"line":29,"column":0},"end":{"line":29,"column":19}},"29":{"start":{"line":30,"column":0},"end":{"line":30,"column":7}},"30":{"start":{"line":31,"column":0},"end":{"line":31,"column":5}},"31":{"start":{"line":32,"column":0},"end":{"line":32,"column":3}},"33":{"start":{"line":34,"column":0},"end":{"line":34,"column":21}},"34":{"start":{"line":35,"column":0},"end":{"line":35,"column":15}},"35":{"start":{"line":36,"column":0},"end":{"line":36,"column":3}},"36":{"start":{"line":37,"column":0},"end":{"line":37,"column":17}},"38":{"start":{"line":39,"column":0},"end":{"line":39,"column":4}},"40":{"start":{"line":41,"column":0},"end":{"line":41,"column":10}},"41":{"start":{"line":42,"column":0},"end":{"line":42,"column":77}},"42":{"start":{"line":43,"column":0},"end":{"line":43,"column":10}},"43":{"start":{"line":44,"column":0},"end":{"line":44,"column":180}},"44":{"start":{"line":45,"column":0},"end":{"line":45,"column":19}},"45":{"start":{"line":46,"column":0},"end":{"line":46,"column":20}},"48":{"start":{"line":49,"column":0},"end":{"line":49,"column":32}},"50":{"start":{"line":51,"column":0},"end":{"line":51,"column":57}},"52":{"start":{"line":53,"column":0},"end":{"line":53,"column":15}},"53":{"start":{"line":54,"column":0},"end":{"line":54,"column":51}},"54":{"start":{"line":55,"column":0},"end":{"line":55,"column":35}},"55":{"start":{"line":56,"column":0},"end":{"line":56,"column":33}},"56":{"start":{"line":57,"column":0},"end":{"line":57,"column":21}},"57":{"start":{"line":58,"column":0},"end":{"line":58,"column":50}},"59":{"start":{"line":60,"column":0},"end":{"line":60,"column":69}},"60":{"start":{"line":61,"column":0},"end":{"line":61,"column":10}},"61":{"start":{"line":62,"column":0},"end":{"line":62,"column":33}},"62":{"start":{"line":63,"column":0},"end":{"line":63,"column":31}},"63":{"start":{"line":64,"column":0},"end":{"line":64,"column":16}},"64":{"start":{"line":65,"column":0},"end":{"line":65,"column":26}},"65":{"start":{"line":66,"column":0},"end":{"line":66,"column":37}},"66":{"start":{"line":67,"column":0},"end":{"line":67,"column":24}},"67":{"start":{"line":68,"column":0},"end":{"line":68,"column":25}},"68":{"start":{"line":69,"column":0},"end":{"line":69,"column":11}},"72":{"start":{"line":73,"column":0},"end":{"line":73,"column":77}},"74":{"start":{"line":75,"column":0},"end":{"line":75,"column":24}},"75":{"start":{"line":76,"column":0},"end":{"line":76,"column":53}},"79":{"start":{"line":80,"column":0},"end":{"line":80,"column":2}},"81":{"start":{"line":82,"column":0},"end":{"line":82,"column":19}}},"s":{"0":1,"2":1,"3":9,"4":9,"5":9,"7":9,"8":3,"9":1,"10":1,"11":1,"12":2,"14":2,"15":2,"17":3,"18":21,"19":21,"20":21,"21":21,"22":21,"23":13,"24":13,"25":21,"26":8,"27":6,"28":6,"29":6,"30":8,"31":21,"33":2,"34":2,"35":2,"36":2,"38":2,"40":9,"41":9,"42":9,"43":9,"44":9,"45":9,"48":9,"50":9,"52":9,"53":9,"54":9,"55":9,"56":9,"57":9,"59":9,"60":9,"61":9,"62":9,"63":9,"64":9,"65":9,"66":9,"67":9,"68":9,"72":9,"74":9,"75":9,"79":9,"81":1},"branchMap":{"0":{"type":"branch","line":3,"loc":{"start":{"line":3,"column":12},"end":{"line":80,"column":2}},"locations":[{"start":{"line":3,"column":12},"end":{"line":80,"column":2}}]},"1":{"type":"branch","line":8,"loc":{"start":{"line":8,"column":26},"end":{"line":39,"column":4}},"locations":[{"start":{"line":8,"column":26},"end":{"line":39,"column":4}}]},"2":{"type":"branch","line":9,"loc":{"start":{"line":9,"column":29},"end":{"line":12,"column":3}},"locations":[{"start":{"line":9,"column":29},"end":{"line":12,"column":3}}]},"3":{"type":"branch","line":12,"loc":{"start":{"line":12,"column":2},"end":{"line":18,"column":41}},"locations":[{"start":{"line":12,"column":2},"end":{"line":18,"column":41}}]},"4":{"type":"branch","line":18,"loc":{"start":{"line":18,"column":41},"end":{"line":32,"column":3}},"locations":[{"start":{"line":18,"column":41},"end":{"line":32,"column":3}}]},"5":{"type":"branch","line":23,"loc":{"start":{"line":23,"column":16},"end":{"line":23,"column":34}},"locations":[{"start":{"line":23,"column":16},"end":{"line":23,"column":34}}]},"6":{"type":"branch","line":23,"loc":{"start":{"line":23,"column":34},"end":{"line":26,"column":11}},"locations":[{"start":{"line":23,"column":34},"end":{"line":26,"column":11}}]},"7":{"type":"branch","line":25,"loc":{"start":{"line":25,"column":21},"end":{"line":25,"column":32}},"locations":[{"start":{"line":25,"column":21},"end":{"line":25,"column":32}}]},"8":{"type":"branch","line":25,"loc":{"start":{"line":25,"column":28},"end":{"line":25,"column":34}},"locations":[{"start":{"line":25,"column":28},"end":{"line":25,"column":34}}]},"9":{"type":"branch","line":26,"loc":{"start":{"line":26,"column":4},"end":{"line":31,"column":5}},"locations":[{"start":{"line":26,"column":4},"end":{"line":31,"column":5}}]},"10":{"type":"branch","line":27,"loc":{"start":{"line":27,"column":24},"end":{"line":30,"column":7}},"locations":[{"start":{"line":27,"column":24},"end":{"line":30,"column":7}}]},"11":{"type":"branch","line":32,"loc":{"start":{"line":32,"column":2},"end":{"line":39,"column":4}},"locations":[{"start":{"line":32,"column":2},"end":{"line":39,"column":4}}]},"12":{"type":"branch","line":58,"loc":{"start":{"line":58,"column":18},"end":{"line":58,"column":50}},"locations":[{"start":{"line":58,"column":18},"end":{"line":58,"column":50}}]}},"b":{"0":[9],"1":[3],"2":[1],"3":[2],"4":[21],"5":[15],"6":[13],"7":[8],"8":[5],"9":[8],"10":[6],"11":[2],"12":[2]},"fnMap":{"0":{"name":"App","decl":{"start":{"line":3,"column":12},"end":{"line":80,"column":2}},"loc":{"start":{"line":3,"column":12},"end":{"line":80,"column":2}},"line":3},"1":{"name":"handleCalculate","decl":{"start":{"line":8,"column":26},"end":{"line":39,"column":4}},"loc":{"start":{"line":8,"column":26},"end":{"line":39,"column":4}},"line":8},"2":{"name":"onChange","decl":{"start":{"line":58,"column":18},"end":{"line":58,"column":50}},"loc":{"start":{"line":58,"column":18},"end":{"line":58,"column":50}},"line":58}},"f":{"0":9,"1":3,"2":2}}
,"/Users/shivangtiwari/Downloads/react-a11y-project-main/src/main.tsx": {"path":"/Users/shivangtiwari/Downloads/react-a11y-project-main/src/main.tsx","all":true,"statementMap":{"0":{"start":{"line":1,"column":0},"end":{"line":1,"column":35}},"1":{"start":{"line":2,"column":0},"end":{"line":2,"column":46}},"2":{"start":{"line":3,"column":0},"end":{"line":3,"column":28}},"4":{"start":{"line":5,"column":0},"end":{"line":5,"column":52}},"5":{"start":{"line":6,"column":0},"end":{"line":6,"column":14}},"6":{"start":{"line":7,"column":0},"end":{"line":7,"column":11}}},"s":{"0":0,"1":0,"2":0,"4":0,"5":0,"6":0},"branchMap":{"0":{"type":"branch","line":1,"loc":{"start":{"line":1,"column":211},"end":{"line":9,"column":2}},"locations":[{"start":{"line":1,"column":211},"end":{"line":9,"column":2}}]}},"b":{"0":[0]},"fnMap":{"0":{"name":"(empty-report)","decl":{"start":{"line":1,"column":211},"end":{"line":9,"column":2}},"loc":{"start":{"line":1,"column":211},"end":{"line":9,"column":2}},"line":1}},"f":{"0":0}}
,"/Users/shivangtiwari/Downloads/react-a11y-project-main/src/stringCalculator.ts": {"path":"/Users/shivangtiwari/Downloads/react-a11y-project-main/src/stringCalculator.ts","all":true,"statementMap":{},"s":{},"branchMap":{"0":{"type":"branch","line":1,"loc":{"start":{"line":1,"column":0},"end":{"line":1,"column":0}},"locations":[{"start":{"line":1,"column":0},"end":{"line":1,"column":0}}]}},"b":{"0":[1]},"fnMap":{"0":{"name":"(empty-report)","decl":{"start":{"line":1,"column":0},"end":{"line":1,"column":0}},"loc":{"start":{"line":1,"column":0},"end":{"line":1,"column":0}},"line":1}},"f":{"0":1}}
}
